<?xml version="1.0" encoding="UTF-8"?>
<!-- Generated by org.testng.reporters.JUnitReportReporter -->
<testsuite hostname="IM-LP-1389" failures="0" tests="7" name="com.qa.apple.test.automation.testscripts.Test_AppleDev" time="41.180" errors="0" timestamp="2023-07-03T19:00:54 IST" skipped="0">
  <testcase classname="com.qa.apple.test.automation.testscripts.Test_AppleDev" name="tc_01" time="4.581"/>
  <system-out/>
  <testcase classname="com.qa.apple.test.automation.testscripts.Test_AppleDev" name="tc_02" time="5.579"/>
  <system-out/>
  <testcase classname="com.qa.apple.test.automation.testscripts.Test_AppleDev" name="tc_03" time="5.766"/>
  <system-out/>
  <testcase classname="com.qa.apple.test.automation.testscripts.Test_AppleDev" name="tc_04" time="5.253"/>
  <system-out/>
  <testcase classname="com.qa.apple.test.automation.testscripts.Test_AppleDev" name="tc_05" time="8.180"/>
  <system-out/>
  <testcase classname="com.qa.apple.test.automation.testscripts.Test_AppleDev" name="tc_06" time="4.710"/>
  <system-out/>
  <testcase classname="com.qa.apple.test.automation.testscripts.Test_AppleDev" name="tc_07" time="7.111"/>
  <system-out/>
</testsuite> <!-- com.qa.apple.test.automation.testscripts.Test_AppleDev -->
